Timestamp,Total_RAM_GB,Used_RAM_GB,Free_RAM_GB,Python_RSS_MB,Python_VSZ_MB,Python_CPU%
2025-10-26 22:38:36,62,6,35,2682.66,5879.34,174
2025-10-26 22:39:36,62,6,34,2889.53,5879.34,176
2025-10-26 22:40:36,62,6,32,3093.43,5878.34,176
2025-10-26 22:41:36,62,6,31,3326.11,5912.34,177
2025-10-26 22:42:36,62,6,30,3527.58,5912.34,178
2025-10-26 22:43:36,62,7,28,3777.62,9074.34,178
2025-10-26 22:44:36,62,7,27,3975.49,9074.34,178
2025-10-26 22:45:36,62,7,25,4169.39,9074.34,178
2025-10-26 22:46:36,62,7,24,4358.2,9074.34,177
2025-10-26 22:47:36,62,7,22,4549.07,9074.34,177
2025-10-26 22:48:36,62,8,21,4740.72,9074.34,177
2025-10-26 22:49:36,62,8,19,4924.57,9074.34,178
2025-10-26 22:50:36,62,8,18,5102,9074.34,179
2025-10-26 22:51:36,62,8,17,5281.14,9072.34,180
2025-10-26 22:52:36,62,8,15,5476.42,9073.34,180
2025-10-26 22:53:36,62,9,14,5653.95,9074.34,180
2025-10-26 22:54:36,62,9,13,5830.83,9074.34,180
2025-10-26 22:55:36,62,9,11,6005.38,9073.34,180
2025-10-26 22:56:36,62,9,10,6239.83,9140.34,180
2025-10-26 22:57:36,62,9,9,6410.72,9140.34,181
2025-10-26 22:58:36,62,9,8,6573.71,9140.34,180
2025-10-26 22:59:36,62,9,6,6743.31,9140.34,179
2025-10-26 23:00:37,62,10,5,7019.57,15528.3,179
2025-10-26 23:01:37,62,10,4,7186.31,15528.3,179
2025-10-26 23:02:37,62,10,2,7347.46,15528.3,179
2025-10-26 23:03:37,62,10,1,7505.5,15527.3,179
2025-10-26 23:04:37,62,11,0,7667.13,15528.3,180
2025-10-26 23:05:37,62,11,0,7817.07,15528.3,180
2025-10-26 23:06:37,62,11,0,7974.07,15592.3,181
2025-10-26 23:07:37,62,11,0,8127.32,15592.3,181
2025-10-26 23:08:37,62,11,0,8293.22,15592.3,180
2025-10-26 23:09:37,62,11,0,8447.05,15656.3,180
2025-10-26 23:10:37,62,11,0,8597.5,15656.3,180
2025-10-26 23:11:37,62,12,0,8761.27,15720.3,179
2025-10-26 23:12:37,62,12,0,8926.96,15720.3,178
2025-10-26 23:13:37,62,12,0,9087.37,15720.3,177
2025-10-26 23:14:37,62,12,0,9246.2,15720.3,177
2025-10-26 23:15:37,62,12,0,9400.04,15720.3,177
2025-10-26 23:16:37,62,12,0,9549.67,15718.3,177
2025-10-26 23:17:37,62,12,0,9701.86,15720.3,177
2025-10-26 23:18:37,62,13,0,9853.26,15720.3,177
2025-10-26 23:19:37,62,13,0,10004.5,15719.3,177
2025-10-26 23:20:37,62,13,0,10150.8,15720.3,177
2025-10-26 23:21:37,62,13,0,10299,15720.3,177
2025-10-26 23:22:37,62,13,0,10443.5,15720.3,177
2025-10-26 23:23:37,62,13,0,10590.8,15720.3,177
2025-10-26 23:24:37,62,13,0,10764.3,15745.5,177
2025-10-26 23:25:37,62,14,0,10909.2,15745.5,177
2025-10-26 23:26:37,62,14,0,11051.6,15744.5,177
2025-10-26 23:27:37,62,14,0,11197.2,15744.5,177
2025-10-26 23:28:37,62,14,0,11338,15745.5,177
2025-10-26 23:29:37,62,14,0,11481.4,15745.5,177
2025-10-26 23:30:37,62,14,0,11622.8,15744.5,177
2025-10-26 23:31:37,62,15,0,11763,15745.5,177
2025-10-26 23:32:37,62,15,0,12034.8,15877.5,177
2025-10-26 23:33:37,62,15,0,12174.4,15877.5,177
2025-10-26 23:34:37,62,15,0,12314.3,15876.5,176
2025-10-26 23:35:37,62,15,0,12454.5,15876.5,176
2025-10-26 23:36:37,62,15,0,12588.7,15877.5,176
2025-10-26 23:37:37,62,15,0,12725.3,15877.5,176
2025-10-26 23:38:37,62,16,0,12864.7,15877.5,176
2025-10-26 23:39:37,62,16,0,13003,15877.5,176
2025-10-26 23:40:38,62,16,0,13142,15877.5,176
2025-10-26 23:41:38,62,16,0,13278,15877.5,176
2025-10-26 23:42:38,62,16,0,13409.8,15877.5,176
2025-10-26 23:43:38,62,16,0,13541.3,15877.5,176
2025-10-26 23:44:38,62,17,0,13880.5,28621.5,175
2025-10-26 23:45:38,62,17,0,14009.3,28620.5,175
2025-10-26 23:46:38,62,17,0,14137,28620.5,175
2025-10-26 23:47:38,62,17,0,14267.5,28620.5,175
2025-10-26 23:48:38,62,17,0,14397.4,28621.5,175
2025-10-26 23:49:38,62,17,0,14526,28620.5,175
2025-10-26 23:50:38,62,17,0,14655.9,28621.5,175
2025-10-26 23:51:38,62,18,0,14784.3,28621.5,175
2025-10-26 23:52:38,62,18,0,14906.8,28621.5,175
2025-10-26 23:53:38,62,18,0,15035.5,28621.5,174
2025-10-26 23:54:38,62,18,0,15163.2,28621.5,174
2025-10-26 23:55:38,62,18,0,15297.9,28621.5,173
2025-10-26 23:56:38,62,18,0,15427,28684.5,173
2025-10-26 23:57:38,62,18,0,15547.4,28685.5,173
2025-10-26 23:58:38,62,18,0,15669.9,28685.5,172
2025-10-26 23:59:38,62,18,0,15798.5,28685.5,172
2025-10-27 00:00:38,62,19,0,15928.3,28685.5,171
2025-10-27 00:01:38,62,19,0,16058.1,28685.5,171
2025-10-27 00:02:38,62,19,0,16186.3,28685.5,170
2025-10-27 00:03:38,62,19,0,16312.5,28685.5,170
2025-10-27 00:04:38,62,19,0,16435.9,28685.5,170
2025-10-27 00:05:38,62,19,0,16561.8,28685.5,170
2025-10-27 00:06:38,62,19,0,16688.2,28685.5,169
2025-10-27 00:07:38,62,19,0,16814.7,28685.5,169
2025-10-27 00:08:38,62,20,0,16941.3,28684.5,168
2025-10-27 00:09:38,62,20,0,17071.4,28685.5,168
2025-10-27 00:10:38,62,20,0,17190.7,28685.5,168
2025-10-27 00:11:38,62,20,0,17305.9,28685.5,168
2025-10-27 00:12:38,62,20,0,17429.6,28685.5,167
2025-10-27 00:13:38,62,20,0,17547.9,28749.5,167
2025-10-27 00:14:38,62,20,0,17665.2,28749.5,167
2025-10-27 00:15:38,62,20,0,17776.7,28749.5,167
2025-10-27 00:16:38,62,21,0,17887.1,28749.5,167
2025-10-27 00:17:38,62,21,0,17997.7,28749.5,167
2025-10-27 00:18:38,62,21,0,18108.9,28749.5,167
2025-10-27 00:19:38,62,21,0,18220.8,28749.5,167
2025-10-27 00:20:39,62,21,0,18331.7,28749.5,167
2025-10-27 00:21:39,62,21,0,18443.4,28749.5,167
2025-10-27 00:22:39,62,21,0,18549.7,28749.5,167
2025-10-27 00:23:39,62,21,0,18659.8,28748.5,167
2025-10-27 00:24:39,62,21,0,18770.8,28749.5,167
2025-10-27 00:25:39,62,22,0,18882.3,28749.5,167
2025-10-27 00:26:39,62,22,0,18992.2,28813.5,167
2025-10-27 00:27:39,62,22,0,19094.6,28813.5,167
2025-10-27 00:28:39,62,22,0,19174.4,28812.5,167
2025-10-27 00:29:39,62,22,0,19251.4,28813.5,166
2025-10-27 00:30:39,62,22,0,19324.9,28813.5,166
2025-10-27 00:31:39,62,22,0,19402.9,28812.5,166
2025-10-27 00:32:39,62,22,0,19480.4,28813.5,166
2025-10-27 00:33:39,62,22,0,19561.4,28813.5,165
2025-10-27 00:34:39,62,22,0,19640.7,28811.5,165
2025-10-27 00:35:39,62,22,0,19725.3,28813.5,165
2025-10-27 00:36:39,62,22,0,19801.6,28813.5,164
2025-10-27 00:37:39,62,22,0,19888,28813.5,164
2025-10-27 00:38:39,62,23,0,19993.2,28813.5,164
2025-10-27 00:39:39,62,23,0,20099,28813.5,164
2025-10-27 00:40:39,62,23,0,20209.3,28813.5,164
2025-10-27 00:41:39,62,23,0,20316.7,28813.5,164
2025-10-27 00:42:39,62,23,0,20431.9,28813.5,164
2025-10-27 00:43:39,62,23,0,20545.4,28813.5,164
2025-10-27 00:44:39,62,23,0,20659,28813.5,165
2025-10-27 00:45:39,62,23,0,20776.5,28813.5,165
2025-10-27 00:46:39,62,24,0,20893.9,28813.5,165
2025-10-27 00:47:39,62,24,0,21005.2,28813.5,165
2025-10-27 00:48:39,62,24,0,21113.4,28813.5,165
2025-10-27 00:49:39,62,24,0,21225.7,28813.5,165
2025-10-27 00:50:39,62,24,0,21362.8,28837.6,165
2025-10-27 00:51:39,62,24,0,21474.8,28838.6,165
2025-10-27 00:52:40,62,24,0,21583.7,28838.6,165
2025-10-27 00:53:40,62,24,0,21695.5,28838.6,165
2025-10-27 00:54:40,62,24,0,21807.1,28837.6,165
2025-10-27 00:55:40,62,25,0,21919.2,28838.6,165
2025-10-27 00:56:40,62,25,0,22031.1,28838.6,165
2025-10-27 00:57:40,62,25,0,22139.5,28902.6,165
2025-10-27 00:58:40,62,25,0,22248.8,28902.6,165
2025-10-27 00:59:40,62,25,0,22357.6,28902.6,165
2025-10-27 01:00:40,62,25,0,22466.3,28902.6,165
2025-10-27 01:01:40,62,25,0,22573.8,28902.6,165
2025-10-27 01:02:40,62,25,0,22684.6,28902.6,165
2025-10-27 01:03:40,62,25,0,22795.7,28902.6,165
2025-10-27 01:04:40,62,25,0,22918.3,28902.6,164
2025-10-27 01:05:40,62,26,0,23033.1,28902.6,164
2025-10-27 01:06:40,62,26,0,23137.1,28902.6,164
2025-10-27 01:07:40,62,26,0,23249.6,28902.6,164
2025-10-27 01:08:40,62,26,0,23368.7,28902.6,164
2025-10-27 01:09:40,62,26,0,23473.4,28902.6,164
2025-10-27 01:10:40,62,26,0,23592.1,28902.6,164
2025-10-27 01:11:40,62,26,0,23962,29166.6,164
2025-10-27 01:12:40,62,27,0,24058,29166.6,163
2025-10-27 01:13:40,62,27,0,24160.7,29166.6,163
2025-10-27 01:14:40,62,27,0,24266.1,29166.6,163
2025-10-27 01:15:40,62,27,0,24368.9,29166.6,163
2025-10-27 01:16:40,62,27,0,24459.8,29166.6,163
2025-10-27 01:17:40,62,27,0,24556.7,29166.6,163
2025-10-27 01:18:40,62,27,0,24653.9,29166.6,163
2025-10-27 01:19:40,62,27,0,24752.6,29166.6,163
2025-10-27 01:20:40,62,27,0,24862.7,29166.6,163
2025-10-27 01:21:40,62,27,0,24961.5,29165.6,163
2025-10-27 01:22:40,62,28,0,25058.5,29166.6,163
2025-10-27 01:23:40,62,28,0,25158.9,29166.6,163
2025-10-27 01:24:40,62,28,0,25261.9,29164.6,163
2025-10-27 01:25:40,62,28,0,25364.5,29230.6,163
2025-10-27 01:26:40,62,28,0,25472.9,29230.6,163
2025-10-27 01:27:40,62,28,0,25572.8,29230.6,163
2025-10-27 01:28:40,62,28,0,25675,29230.6,163
2025-10-27 01:29:40,62,28,0,25778.7,29230.6,163
2025-10-27 01:30:41,62,28,0,25888.4,29230.6,163
2025-10-27 01:31:41,62,29,0,25992.9,29230.6,162
2025-10-27 01:32:41,62,29,0,26088.6,29230.7,162
2025-10-27 01:33:41,62,29,0,26191.4,29230.7,162
2025-10-27 01:34:41,62,29,0,26290.2,29230.7,162
2025-10-27 01:35:41,62,29,0,26394.8,29230.7,162
2025-10-27 01:36:41,62,29,0,26504.6,29230.7,162
2025-10-27 01:37:41,62,29,0,26606.2,29230.7,162
2025-10-27 01:38:41,62,29,0,26702.6,29229.7,162
2025-10-27 01:39:41,62,29,0,26805.4,29230.7,162
2025-10-27 01:40:41,62,29,0,26892.8,29229.7,162
2025-10-27 01:41:41,62,29,0,26984,29230.7,162
2025-10-27 01:42:41,62,30,0,27065.8,29229.7,162
2025-10-27 01:43:41,62,30,0,27531.9,54558.7,162
2025-10-27 01:44:41,62,30,0,27622.6,54558.7,162
2025-10-27 01:45:41,62,30,0,27715.5,54558.7,162
2025-10-27 01:46:41,62,30,0,27806,54558.7,162
2025-10-27 01:47:41,62,30,0,27897.4,54558.7,162
2025-10-27 01:48:41,62,30,0,28000.6,54558.7,161
2025-10-27 01:49:41,62,31,1,28097.5,54558.7,161
2025-10-27 01:50:41,62,31,0,28200.7,54558.7,161
2025-10-27 01:51:41,62,31,0,28295.7,54556.7,161
2025-10-27 01:52:41,62,31,0,28397,54558.7,161
2025-10-27 01:53:41,62,31,0,28490.1,54558.7,161
2025-10-27 01:54:41,62,31,0,28573.8,54558.7,161
2025-10-27 01:55:41,62,31,0,28664.8,54558.7,161
2025-10-27 01:56:41,62,31,0,28758.9,54558.7,161
2025-10-27 01:57:41,62,31,0,28843.1,54558.7,161
2025-10-27 01:58:41,62,31,0,28935.3,54558.7,161
2025-10-27 01:59:41,62,31,0,29020.4,54558.7,161
2025-10-27 02:00:41,62,32,0,29107.9,54557.7,161
2025-10-27 02:01:41,62,32,0,29199.1,54558.7,161
2025-10-27 02:02:41,62,32,0,29295.6,54622.7,161
2025-10-27 02:03:41,62,32,0,29381.4,54622.7,161
2025-10-27 02:04:41,62,32,0,29475.5,54622.7,161
2025-10-27 02:05:41,62,32,0,29569.6,54622.7,161
2025-10-27 02:06:41,62,32,0,29662.1,54622.7,161
2025-10-27 02:07:41,62,32,0,29746.6,54622.7,161
2025-10-27 02:08:41,62,32,0,29826.3,54621.7,161
2025-10-27 02:09:41,62,32,0,29916.4,54622.7,161
2025-10-27 02:10:41,62,32,0,30008.5,54622.7,161
2025-10-27 02:11:41,62,32,0,30105.4,54622.7,161
2025-10-27 02:12:42,62,33,0,30202.7,54622.7,161
2025-10-27 02:13:42,62,33,0,30293.8,54622.7,161
2025-10-27 02:14:42,62,33,0,30391.8,54622.7,160
2025-10-27 02:15:42,62,33,0,30478,54622.7,160
2025-10-27 02:16:42,62,33,0,30567.1,54622.7,160
2025-10-27 02:17:42,62,33,0,30660.6,54622.7,160
2025-10-27 02:18:42,62,33,0,30747.4,54686.7,160
2025-10-27 02:19:42,62,33,0,30839.9,54686.7,160
2025-10-27 02:20:42,62,33,0,30931.7,54686.7,160
2025-10-27 02:21:42,62,33,0,31023.9,54686.7,160
2025-10-27 02:22:42,62,33,0,31110.5,54686.7,160
2025-10-27 02:23:42,62,34,0,31202,54686.7,160
2025-10-27 02:24:42,62,34,0,31295.1,54686.7,159
2025-10-27 02:25:42,62,34,0,31393.3,54686.7,159
2025-10-27 02:26:42,62,34,0,31494.2,54686.7,159
2025-10-27 02:27:42,62,34,0,31596,54686.7,159
2025-10-27 02:28:42,62,34,0,31693.3,54686.7,159
2025-10-27 02:29:42,62,34,0,31792.8,54686.7,158
2025-10-27 02:30:42,62,34,0,31890.7,54686.7,158
2025-10-27 02:31:42,62,34,0,31989.4,54686.7,158
2025-10-27 02:32:42,62,35,0,32086.5,54686.7,158
2025-10-27 02:33:42,62,35,0,32183.2,54686.7,158
2025-10-27 02:34:42,62,35,1,32276.7,54686.7,158
2025-10-27 02:35:42,62,35,0,32369.9,54686.7,157
2025-10-27 02:36:42,62,35,0,32460.9,54686.7,157
2025-10-27 02:37:42,62,35,0,32556.1,54685.7,157
2025-10-27 02:38:42,62,35,0,32649.7,54686.7,157
2025-10-27 02:39:42,62,35,0,32740.8,54686.7,157
2025-10-27 02:40:42,62,35,0,32835.5,54686.7,157
2025-10-27 02:41:42,62,35,0,32926.9,54686.7,157
2025-10-27 02:42:42,62,35,0,33015,54686.7,157
2025-10-27 02:43:42,62,35,0,33106.6,54686.7,157
2025-10-27 02:44:42,62,36,1,33204.3,54686.7,156
2025-10-27 02:45:42,62,36,0,33302.2,54686.7,156
2025-10-27 02:46:42,62,36,0,33396.6,54684.7,156
2025-10-27 02:47:42,62,36,0,33492.7,54686.7,156
2025-10-27 02:48:42,62,36,1,33585.1,54686.7,156
2025-10-27 02:49:42,62,36,0,33676.7,54683.7,156
2025-10-27 02:50:42,62,36,0,33776.3,54686.7,155
2025-10-27 02:51:42,62,36,1,33867.2,54686.7,155
2025-10-27 02:52:43,62,36,0,33960.8,54686.7,155
2025-10-27 02:53:43,62,36,0,34052.7,54686.7,155
2025-10-27 02:54:43,62,36,0,34144,54750.7,155
2025-10-27 02:55:43,62,37,1,34237.1,54750.7,155
2025-10-27 02:56:43,62,37,0,34325.8,54750.7,155
2025-10-27 02:57:43,62,37,0,34420.9,54750.7,154
2025-10-27 02:58:43,62,37,0,34513.3,54750.7,154
2025-10-27 02:59:43,62,37,0,34605.3,54750.7,154
2025-10-27 03:00:43,62,37,0,34697.4,54750.7,154
2025-10-27 03:01:43,62,37,0,34786.9,54750.7,154
2025-10-27 03:02:43,62,37,0,34876.8,54750.7,154
2025-10-27 03:03:43,62,37,0,34966.6,54749.7,154
2025-10-27 03:04:43,62,37,0,35059.3,54750.7,153
2025-10-27 03:05:43,62,37,0,35151.5,54750.7,153
2025-10-27 03:06:43,62,38,0,35244.6,54750.7,153
2025-10-27 03:07:43,62,38,0,35330.2,54750.7,153
2025-10-27 03:08:43,62,38,0,35422.4,54750.7,153
2025-10-27 03:09:43,62,38,0,35507.5,54750.7,153
2025-10-27 03:10:43,62,38,0,35599.7,54750.7,153
2025-10-27 03:11:43,62,38,0,35686.4,54750.7,153
2025-10-27 03:12:43,62,38,0,35772.6,54750.7,152
2025-10-27 03:13:43,62,38,0,35862,54750.7,152
2025-10-27 03:14:43,62,38,0,35951.1,54750.7,152
2025-10-27 03:15:43,62,38,0,36042.5,54750.7,152
2025-10-27 03:16:43,62,38,0,36129.2,54750.7,152
2025-10-27 03:17:43,62,38,0,36215.3,54750.7,152
2025-10-27 03:18:43,62,39,0,36301.8,54750.7,152
2025-10-27 03:19:43,62,39,0,36382,54750.7,152
2025-10-27 03:20:43,62,39,0,36452.7,54750.7,152
2025-10-27 03:21:43,62,39,0,36528.3,54750.7,152
2025-10-27 03:22:43,62,39,1,36601.9,54750.7,152
2025-10-27 03:23:43,62,39,0,36678.1,54750.7,152
2025-10-27 03:24:43,62,39,0,36761,54750.7,152
2025-10-27 03:25:43,62,39,0,36848.1,54750.7,151
2025-10-27 03:26:43,62,39,0,36939.7,54750.7,151
2025-10-27 03:27:43,62,39,0,37023.3,54751,151
2025-10-27 03:28:43,62,39,0,37106.2,54751,151
2025-10-27 03:29:43,62,39,0,37191.9,54751,151
2025-10-27 03:30:43,62,40,0,37276.6,54751,151
2025-10-27 03:31:43,62,40,0,37356.3,54751,151
2025-10-27 03:32:43,62,40,0,37436.6,54751,151
2025-10-27 03:33:43,62,40,0,37515.9,54751,151
2025-10-27 03:34:43,62,40,0,37597,54751,151
2025-10-27 03:35:44,62,40,0,37664.3,54751,151
2025-10-27 03:36:44,62,40,0,37743,54815,151
2025-10-27 03:37:44,62,40,0,37824,54815,151
2025-10-27 03:38:44,62,40,0,37906.4,54815,151
2025-10-27 03:39:44,62,40,0,37982.9,54815,151
2025-10-27 03:40:44,62,40,0,38065.3,54815,151
2025-10-27 03:41:44,62,40,0,38144.9,54815,151
2025-10-27 03:42:44,62,41,0,38222.3,54815,151
2025-10-27 03:43:44,62,41,0,38304.9,54815,151
2025-10-27 03:44:44,62,41,0,38381.9,54815,151
2025-10-27 03:45:44,62,41,0,38458.8,54814,151
2025-10-27 03:46:44,62,41,0,38542.9,54815,151
2025-10-27 03:47:44,62,41,0,38622.1,54815,151
2025-10-27 03:48:44,62,41,0,38703.8,54815,151
2025-10-27 03:49:44,62,41,0,38782.8,54815,151
2025-10-27 03:50:44,62,41,0,38858.1,54815,151
2025-10-27 03:51:44,62,41,0,38935.4,54815,151
2025-10-27 03:52:44,62,41,1,39013.3,54879,151
2025-10-27 03:53:44,62,41,0,39092.3,54879,151
2025-10-27 03:54:44,62,41,0,39169,54879,151
2025-10-27 03:55:44,62,42,0,39244.6,54879,151
2025-10-27 03:56:44,62,42,0,39323.1,54879,151
2025-10-27 03:57:44,62,42,1,39396.6,54879,151
2025-10-27 03:58:44,62,42,0,39477.3,54879,151
2025-10-27 03:59:44,62,42,0,39556.5,54879,151
2025-10-27 04:00:44,62,42,0,39637.3,54879,151
2025-10-27 04:01:44,62,42,1,39709.9,54879,151
2025-10-27 04:02:44,62,42,0,39778.6,54879,151
2025-10-27 04:03:44,62,42,0,39851.4,54879,151
2025-10-27 04:04:44,62,42,0,39929.1,54879,150
2025-10-27 04:05:44,62,42,0,40005.8,54877,150
2025-10-27 04:06:44,62,42,0,40086.1,54879,150
2025-10-27 04:07:44,62,42,0,40159.4,54879,150
2025-10-27 04:08:44,62,42,0,40234.1,54879,150
2025-10-27 04:09:44,62,43,0,40315.9,54879,150
2025-10-27 04:10:44,62,43,0,40395.8,54879,150
2025-10-27 04:11:44,62,43,0,40476.5,54879,150
2025-10-27 04:12:44,62,43,0,40555.7,54879,150
2025-10-27 04:13:45,62,43,0,40630.8,54878,150
2025-10-27 04:14:45,62,43,0,40707.9,54879,150
2025-10-27 04:15:45,62,43,0,40780.7,54879,150
2025-10-27 04:16:45,62,43,0,40854,54879,150
2025-10-27 04:17:45,62,43,1,40930.1,54879,150
2025-10-27 04:18:45,62,43,0,41008.6,54879,150
2025-10-27 04:19:45,62,43,0,41079.2,54879,150
2025-10-27 04:20:45,62,43,0,41155.6,54879,150
2025-10-27 04:21:45,62,44,0,41225.6,54879,150
2025-10-27 04:22:45,62,44,1,41301,54879,150
2025-10-27 04:23:45,62,44,1,41367.5,54879,150
2025-10-27 04:24:45,62,44,0,41436.5,54879,150
2025-10-27 04:25:45,62,44,0,41509,54879,150
2025-10-27 04:26:45,62,44,0,41577.9,54879,150
2025-10-27 04:27:45,62,44,0,41647.8,54879,150
2025-10-27 04:28:45,62,44,0,41719.9,54879,150
2025-10-27 04:29:45,62,44,0,41788,54879,150
2025-10-27 04:30:45,62,44,1,41856.2,54879,150
2025-10-27 04:31:45,62,44,0,41905.5,54879,150
2025-10-27 04:32:45,62,44,0,41978.4,54879,150
2025-10-27 04:33:45,62,44,0,42054.9,54879,150
2025-10-27 04:34:45,62,44,0,42128.2,54879,150
2025-10-27 04:35:45,62,44,0,42250.5,54929.3,150
2025-10-27 04:36:45,62,44,0,42321.2,54929.3,150
2025-10-27 04:37:45,62,44,0,42396.6,54929.3,150
2025-10-27 04:38:45,62,45,0,42470.6,54929.3,150
2025-10-27 04:39:45,62,45,0,42541,54929.3,150
2025-10-27 04:40:45,62,45,0,42616.6,54929.3,150
2025-10-27 04:41:45,62,45,0,42694.5,54929.3,150
2025-10-27 04:42:45,62,45,0,42765,54928.3,150
2025-10-27 04:43:45,62,45,0,42837.2,54929.3,150
2025-10-27 04:44:45,62,45,1,42911.6,54929.3,150
2025-10-27 04:45:45,62,45,0,42986.4,54929.3,150
2025-10-27 04:46:45,62,45,0,43054.7,54929.3,150
2025-10-27 04:47:46,62,45,0,43129.1,54929.3,150
2025-10-27 04:48:46,62,45,0,43198.3,54929.3,150
2025-10-27 04:49:46,62,45,0,42788.2,54929.3,150
2025-10-27 04:50:46,62,45,0,42487.4,54929.3,150
2025-10-27 04:51:46,62,45,0,42427.4,54929.3,150
2025-10-27 04:52:46,62,45,0,42499.6,54929.3,150
2025-10-27 04:53:46,62,45,0,42580.9,54929.3,150
2025-10-27 04:54:46,62,45,0,42653.5,54929.3,150
2025-10-27 04:55:46,62,45,1,42734.9,54929.3,150
2025-10-27 04:56:46,62,45,0,42810,54929.3,150
2025-10-27 04:57:46,62,45,0,42888,54929.3,150
2025-10-27 04:58:46,62,45,0,42962.6,54929.3,150
2025-10-27 04:59:46,62,45,0,43048.3,54929.3,150
2025-10-27 05:00:46,62,45,0,43138.1,54929.3,150
2025-10-27 05:01:46,62,45,0,43215.8,54929.3,150
2025-10-27 05:02:46,62,45,0,43287,54929.3,150
2025-10-27 05:03:46,62,46,0,43360.6,54929.3,149
2025-10-27 05:04:46,62,45,0,43439,54929.3,149
2025-10-27 05:05:46,62,46,0,43513.7,54929.3,149
2025-10-27 05:06:46,62,46,0,43587.4,54929.3,149
2025-10-27 05:07:46,62,46,0,43659.9,54929.3,149
2025-10-27 05:08:46,62,46,1,43735.9,54929.3,149
2025-10-27 05:09:46,62,46,0,43810,54929.3,149
2025-10-27 05:10:46,62,46,0,43884.4,54929.3,149
2025-10-27 05:11:46,62,46,1,43954.6,54929.3,149
2025-10-27 05:12:46,62,46,0,44025,54929.3,149
2025-10-27 05:13:46,62,46,0,44099.4,54929.3,149
2025-10-27 05:14:46,62,46,0,44169,54929.3,149
2025-10-27 05:15:46,62,46,0,44242.1,54929.3,149
2025-10-27 05:16:46,62,46,0,44306.9,54929.3,149
2025-10-27 05:17:46,62,46,0,44377.1,54929.3,149
2025-10-27 05:18:46,62,46,0,44446.6,54929.3,149
2025-10-27 05:19:46,62,46,0,44513.4,54929.3,149
2025-10-27 05:20:46,62,47,1,44579.5,54929.3,149
2025-10-27 05:21:46,62,47,1,44647.8,54929.3,149
2025-10-27 05:22:46,62,47,1,44718,54929.3,149
2025-10-27 05:23:46,62,47,0,44789,54929.3,149
2025-10-27 05:24:46,62,47,1,44866.9,54929.3,149
2025-10-27 05:25:46,62,47,0,44937.6,54929.3,149
2025-10-27 05:26:46,62,47,0,45000.5,54929.3,149
2025-10-27 05:27:47,62,47,0,45072.7,54929.3,149
2025-10-27 05:28:47,62,47,0,45134.9,54929.3,149
2025-10-27 05:29:47,62,47,0,45204.4,54993.3,148
2025-10-27 05:30:47,62,47,0,45272.6,54993.3,148
2025-10-27 05:31:47,62,47,0,45342,54993.3,148
2025-10-27 05:32:47,62,47,0,45409.7,54993.3,148
2025-10-27 05:33:47,62,47,0,45479.7,54993.3,148
2025-10-27 05:34:47,62,47,0,45550.5,54993.3,148
2025-10-27 05:35:47,62,48,0,45614.4,54993.3,148
2025-10-27 05:36:47,62,48,0,45682.5,54993.3,148
2025-10-27 05:37:47,62,48,0,45750.5,54993.3,148
2025-10-27 05:38:47,62,48,0,45819.1,54993.3,148
2025-10-27 05:39:47,62,48,0,45888,54993.3,148
2025-10-27 05:40:47,62,48,1,45965.8,54993.3,148
2025-10-27 05:41:47,62,48,1,46046.4,54993.3,148
2025-10-27 05:42:47,62,49,0,46659,55521.3,148
2025-10-27 05:43:47,62,49,0,46737.2,55521.3,148
2025-10-27 05:44:47,62,49,0,46812.9,55521.3,148
2025-10-27 05:45:47,62,49,0,46880.5,55521.3,148
2025-10-27 05:46:47,62,49,1,46950.6,55521.3,148
2025-10-27 05:47:47,62,49,0,47018.1,55585.3,148
2025-10-27 05:48:47,62,49,0,47093.1,55649.3,148
2025-10-27 05:49:47,62,49,0,47159.3,55649.3,148
2025-10-27 05:50:47,62,49,0,47226.6,55649.3,148
2025-10-27 05:51:47,62,49,0,47292.1,55649.3,148
2025-10-27 05:52:47,62,49,0,47363.6,55649.3,148
2025-10-27 05:53:47,62,49,0,47424,55649.3,148
2025-10-27 05:54:47,62,49,0,46950.8,55649.3,148
2025-10-27 05:55:47,62,49,0,47018.4,55649.3,148
2025-10-27 05:56:47,62,49,0,47073.3,55649.3,148
2025-10-27 05:57:47,62,49,0,47131.4,55649.3,148
2025-10-27 05:58:47,62,49,1,47185.1,55649.3,148
2025-10-27 05:59:47,62,49,0,47238.1,55649.3,148
2025-10-27 06:00:47,62,49,0,47290.7,55649.3,148
2025-10-27 06:01:47,62,49,1,47348.9,55649.3,148
2025-10-27 06:02:47,62,49,0,47417.7,55649.3,148
2025-10-27 06:03:47,62,49,0,47487.9,55649.3,148
2025-10-27 06:04:47,62,49,0,47552.5,55649.3,148
2025-10-27 06:05:47,62,50,1,47618.7,55649.3,148
2025-10-27 06:06:47,62,49,0,47687.1,55649.3,148
2025-10-27 06:07:48,62,49,1,47746.9,55649.3,148
2025-10-27 06:08:48,62,49,0,47750.2,55649.3,148
2025-10-27 06:09:48,62,49,0,47278.6,55649.3,148
2025-10-27 06:10:48,62,49,0,47352.3,55649.3,148
2025-10-27 06:11:48,62,49,0,47443.4,55649.3,148
2025-10-27 06:12:48,62,49,0,47512.7,55649.3,148
2025-10-27 06:13:48,62,49,1,47580.6,55649.3,148
2025-10-27 06:14:48,62,49,1,47734.8,55649.3,148
2025-10-27 06:15:48,62,50,1,48000,55649.3,148
2025-10-27 06:16:48,62,50,0,48070.7,55649.3,148
2025-10-27 06:17:48,62,50,1,48179.4,55649.3,148
2025-10-27 06:18:48,62,50,0,48274.7,55649.3,148
2025-10-27 06:19:48,62,50,0,48355.3,55649.3,148
2025-10-27 06:20:48,62,50,0,48451.6,55649.3,148
2025-10-27 06:21:48,62,50,1,48550.3,55649.3,148
2025-10-27 06:22:48,62,50,0,48632.4,55649.3,148
2025-10-27 06:23:48,62,50,0,48736,55649.3,148
2025-10-27 06:24:48,62,51,1,48805.6,55649.3,147
2025-10-27 06:25:48,62,51,0,48878.9,55649.3,147
2025-10-27 06:26:48,62,51,0,48946.5,55649.3,147
2025-10-27 06:27:48,62,51,0,49031.3,55649.3,147
2025-10-27 06:28:48,62,51,1,49100.9,55649.3,147
2025-10-27 06:29:48,62,51,0,49182.9,55649.3,147
2025-10-27 06:30:48,62,51,1,49249.4,55649.3,147
2025-10-27 06:31:48,62,51,1,49320.5,55649.3,147
2025-10-27 06:32:48,62,51,0,49397.5,55649.3,147
2025-10-27 06:33:48,62,51,0,49465.2,55649.3,147
2025-10-27 06:34:48,62,51,1,49540.6,55649.3,147
2025-10-27 06:35:48,62,51,0,49598.8,55649.3,147
2025-10-27 06:36:48,62,51,0,49658.9,55649.3,147
2025-10-27 06:37:48,62,51,0,49722.2,55649.3,147
2025-10-27 06:38:48,62,52,1,49789.3,55649.3,147
2025-10-27 06:39:48,62,52,0,49863.4,55649.3,147
2025-10-27 06:40:48,62,52,0,49926.5,55649.3,147
2025-10-27 06:41:48,62,52,1,49989.3,55649.3,147
2025-10-27 06:42:48,62,52,0,50054.1,55649.3,147
2025-10-27 06:43:48,62,52,0,50128,55649.3,147
2025-10-27 06:44:48,62,52,0,50200.4,55649.3,147
2025-10-27 06:45:49,62,52,1,50266.9,55649.3,147
2025-10-27 06:46:49,62,52,0,50336.4,55649.3,147
2025-10-27 06:47:49,62,52,0,50400.3,55649.3,147
2025-10-27 06:48:49,62,52,0,50467.7,55649.3,147
2025-10-27 06:49:49,62,52,1,50524,55649.3,147
2025-10-27 06:50:49,62,52,0,50590.1,55649.3,147
2025-10-27 06:51:49,62,52,0,50656.4,55649.3,147
2025-10-27 06:52:49,62,52,1,50717.8,55649.3,147
2025-10-27 06:53:49,62,52,0,50786.2,55649.3,147
2025-10-27 06:54:49,62,53,0,50848.4,55649.3,147
2025-10-27 06:55:49,62,53,0,50918.6,55649.3,147
2025-10-27 06:56:49,62,53,0,50978.3,55649.3,147
2025-10-27 06:57:49,62,53,0,51042,55649.3,147
2025-10-27 06:58:49,62,53,0,51108.1,55649.3,147
2025-10-27 06:59:49,62,53,0,51168.7,55649.3,147
2025-10-27 07:00:49,62,53,0,51230.4,55649.3,147
2025-10-27 07:01:49,62,53,0,51297.4,55649.3,147
2025-10-27 07:02:49,62,53,0,51362.4,55649.3,147
2025-10-27 07:03:49,62,53,1,51427.3,55649.3,147
2025-10-27 07:04:49,62,53,1,51488.8,55649.3,147
2025-10-27 07:05:49,62,53,0,51550.9,55649.3,146
2025-10-27 07:06:49,62,53,0,51612.3,55649.3,146
2025-10-27 07:07:49,62,53,1,51672.8,55649.3,146
2025-10-27 07:08:49,62,53,0,51740.4,55649.3,146
2025-10-27 07:09:49,62,53,1,51804.3,55649.3,146
2025-10-27 07:10:49,62,54,0,51873.4,55649.3,146
2025-10-27 07:11:49,62,54,1,51934.9,55649.3,146
2025-10-27 07:12:49,62,54,0,52004.1,55649.3,146
2025-10-27 07:13:49,62,54,0,52066.7,55649.3,146
2025-10-27 07:14:49,62,54,0,52118.3,55649.3,146
2025-10-27 07:15:49,62,54,1,52177.2,55649.3,146
2025-10-27 07:16:49,62,54,0,52239.1,55649.3,146
2025-10-27 07:17:49,62,54,0,52300.3,55649.3,146
2025-10-27 07:18:49,62,54,0,52360.1,55649.3,146
2025-10-27 07:19:49,62,54,0,52416.9,55649.3,146
2025-10-27 07:20:49,62,54,0,52466.7,55649.3,146
2025-10-27 07:21:49,62,54,0,52529.8,55649.3,146
2025-10-27 07:22:49,62,54,1,52594.9,55649.3,146
2025-10-27 07:23:49,62,54,0,52658.4,55649.3,146
2025-10-27 07:24:49,62,54,0,52714.2,55649.3,146
2025-10-27 07:25:49,62,54,1,52769,55649.3,146
2025-10-27 07:26:49,62,55,0,52826.3,55649.3,146
2025-10-27 07:27:50,62,55,0,53407.6,106753,146
2025-10-27 07:28:50,62,55,0,53404.2,106753,146
2025-10-27 07:29:50,62,55,0,52873.9,106753,146
2025-10-27 07:30:50,62,54,1,52404.5,106753,146
2025-10-27 07:31:50,62,54,0,52466.1,106753,146
2025-10-27 07:32:50,62,54,0,52534.2,106753,146
2025-10-27 07:33:50,62,54,0,52597.8,106753,146
2025-10-27 07:34:50,62,54,0,52658.9,106753,146
2025-10-27 07:35:50,62,54,0,52736.8,106753,146
2025-10-27 07:36:50,62,54,1,52410.3,106753,146
2025-10-27 07:37:50,62,53,0,52004,106753,145
2025-10-27 07:38:50,62,54,0,52296.4,106753,145
2025-10-27 07:39:50,62,54,0,52589.3,106753,145
2025-10-27 07:40:50,62,54,1,52691.1,106753,145
2025-10-27 07:41:50,62,54,0,52812.3,106753,145
2025-10-27 07:42:50,62,54,1,52978.4,106753,145
2025-10-27 07:43:50,62,55,0,53087.5,106753,145
2025-10-27 07:44:50,62,55,0,53201.2,106753,145
2025-10-27 07:45:50,62,55,0,53280.4,106753,145
2025-10-27 07:46:50,62,55,0,53349.5,106753,145
2025-10-27 07:47:50,62,55,0,53416.7,106753,145
2025-10-27 07:48:50,62,55,0,53500,106753,145
2025-10-27 07:49:50,62,55,0,53581.2,106753,145
2025-10-27 07:50:50,62,55,1,53648.6,106753,145
2025-10-27 07:51:50,62,55,0,53724.8,106753,145
2025-10-27 07:52:50,62,55,1,53815.6,106753,145
2025-10-27 07:53:50,62,55,0,53912.7,106753,145
2025-10-27 07:54:50,62,55,1,53970.7,106753,145
2025-10-27 07:55:50,62,56,1,54025.5,106753,145
2025-10-27 07:56:50,62,56,0,54087.9,106753,145
2025-10-27 07:57:50,62,56,0,54146.6,106753,145
2025-10-27 07:58:50,62,56,0,54211,106753,145
2025-10-27 07:59:50,62,56,0,54264.6,106753,145
2025-10-27 08:00:50,62,56,0,54319.6,106753,145
2025-10-27 08:01:50,62,56,0,54379,106817,145
2025-10-27 08:02:50,62,56,0,54434.9,106817,145
2025-10-27 08:03:50,62,56,0,54488.1,106817,145
2025-10-27 08:04:50,62,56,0,54539.8,106817,144
2025-10-27 08:05:50,62,56,0,54597.4,106817,144
2025-10-27 08:06:50,62,56,0,54773.7,106881,144
2025-10-27 08:07:51,62,56,0,54953.2,106881,144
2025-10-27 08:08:51,62,56,0,55065.6,106881,144
2025-10-27 08:09:51,62,57,0,55166.8,106881,144
2025-10-27 08:10:51,62,57,0,55243.4,106881,144
2025-10-27 08:11:51,62,57,0,55355.9,106881,144
2025-10-27 08:12:51,62,57,0,55495.9,106881,144
2025-10-27 08:13:51,62,57,0,55625.3,106881,144
2025-10-27 08:14:51,62,57,0,55728.2,106881,144
2025-10-27 08:15:51,62,57,0,55831.3,106881,144
2025-10-27 08:16:51,62,57,0,55925.7,106881,144
2025-10-27 08:17:51,62,57,0,56009.4,106945,144
2025-10-27 08:18:51,62,57,0,56071.6,106945,144
2025-10-27 08:19:51,62,58,0,56139.3,106945,144
2025-10-27 08:20:51,62,58,0,56221.1,106945,144
2025-10-27 08:21:51,62,58,0,56292.8,106945,144
2025-10-27 08:22:51,62,58,0,56263.9,106945,144
2025-10-27 08:23:51,62,58,0,56283,106945,144
2025-10-27 08:24:51,62,58,0,55907.7,106945,144
2025-10-27 08:25:51,62,57,0,54401.9,106945,144
2025-10-27 08:26:51,62,56,0,54498,106945,144
2025-10-27 08:27:51,62,56,1,54520.3,106945,144
2025-10-27 08:28:51,62,56,0,54609.2,106945,144
2025-10-27 08:29:51,62,57,0,54737.6,106945,144
2025-10-27 08:30:51,62,57,1,54848.2,106945,144
2025-10-27 08:31:51,62,57,0,54938.1,106945,143
2025-10-27 08:32:51,62,57,1,55034.4,106945,143
2025-10-27 08:33:51,62,56,0,54659,106945,143
2025-10-27 08:34:51,62,56,1,54449.9,106945,143
2025-10-27 08:35:51,62,56,0,54391.4,106945,143
2025-10-27 08:36:51,62,56,0,54486.4,106945,143
2025-10-27 08:37:51,62,57,0,54573.8,106945,143
2025-10-27 08:38:51,62,57,0,54665.9,106945,143
2025-10-27 08:39:51,62,57,0,54744.5,106944,143
2025-10-27 08:40:51,62,57,0,54825,106945,143
2025-10-27 08:41:51,62,57,1,54905,106945,143
2025-10-27 08:42:51,62,58,1,54994.7,106945,143
2025-10-27 08:43:51,62,57,0,55078.5,106945,143
2025-10-27 08:44:52,62,57,0,55164.5,106945,143
2025-10-27 08:45:52,62,58,0,55231.8,106945,143
2025-10-27 08:46:52,62,58,0,55313.8,106945,143
2025-10-27 08:47:52,62,58,0,55423.8,106945,143
2025-10-27 08:48:52,62,58,1,55539.2,106945,143
2025-10-27 08:49:52,62,58,0,55628.3,106945,143
2025-10-27 08:50:52,62,58,0,55720.8,106945,143
2025-10-27 08:51:52,62,58,0,55807.4,106945,143
2025-10-27 08:52:52,62,58,0,55883.9,106945,143
2025-10-27 08:53:52,62,58,0,55961.9,106945,143
2025-10-27 08:54:52,62,58,0,56029,106945,143
2025-10-27 08:55:52,62,58,0,56107,106945,143
2025-10-27 08:56:52,62,58,1,56174.3,106945,143
2025-10-27 08:57:52,62,58,1,56244.3,106945,143
2025-10-27 08:58:52,62,58,1,56312.6,106945,143
2025-10-27 08:59:52,62,58,1,56377.8,106945,143
2025-10-27 09:00:52,62,58,0,56451.8,106945,143
2025-10-27 09:01:52,62,58,0,56524,106945,143
2025-10-27 09:02:52,62,58,0,56585.6,106945,143
2025-10-27 09:03:52,62,58,0,56653.6,106945,143
2025-10-27 09:04:52,62,58,0,56713.2,106945,143
2025-10-27 09:05:52,62,58,0,56778.2,106945,143
2025-10-27 09:06:52,62,59,0,56841.9,106945,143
2025-10-27 09:07:52,62,59,0,56905.9,106945,143
2025-10-27 09:08:52,62,59,0,56971.4,106945,143
2025-10-27 09:09:52,62,59,0,56828.2,106945,143
2025-10-27 09:10:52,62,59,0,56827,106945,143
2025-10-27 09:11:52,62,59,0,56785.8,106943,143
2025-10-27 09:12:52,62,59,0,56770,106945,143
2025-10-27 09:13:52,62,59,0,56813.8,106945,142
2025-10-27 09:14:52,62,59,0,56707.8,106945,142
2025-10-27 09:15:52,62,59,0,56693.1,106945,142
2025-10-27 09:16:52,62,59,0,56495.3,106945,142
2025-10-27 09:17:52,62,59,0,56552.8,106945,142
2025-10-27 09:18:52,62,59,0,56452.8,106945,142
2025-10-27 09:19:52,62,59,0,56435.6,106945,142
2025-10-27 09:20:52,62,59,0,56455.4,106943,142
2025-10-27 09:21:52,62,59,0,56454.5,106945,142
2025-10-27 09:22:52,62,59,0,56510.4,106945,142
2025-10-27 09:23:52,62,59,0,56481,106945,142
2025-10-27 09:24:52,62,59,0,56492.9,106945,142
2025-10-27 09:25:53,62,59,0,56466.6,106945,142
2025-10-27 09:26:53,62,59,0,56413.5,106944,142
2025-10-27 09:27:53,62,59,0,56478.1,106945,142
2025-10-27 09:28:53,62,59,0,56334.1,106943,142
2025-10-27 09:29:53,62,59,0,56374.6,106945,142
2025-10-27 09:30:53,62,58,0,56265.4,106945,142
2025-10-27 09:31:53,62,58,0,55350.7,106943,142
2025-10-27 09:32:53,62,58,0,55396.8,106945,142
2025-10-27 09:33:53,62,58,0,55464.6,106945,142
2025-10-27 09:34:53,62,58,1,55527.9,106945,142
2025-10-27 09:35:53,62,58,0,55564.8,106944,142
2025-10-27 09:36:53,62,58,0,55682.9,106945,142
2025-10-27 09:37:53,62,58,0,55983.5,106945,142
2025-10-27 09:38:53,62,11,47,7574.45,106927,141
